Build started 4/8/2015 4:57:12 PM.
     1>Project "C:\Users\Larebear\Desktop\CSE 190\AdvCompGraphics\image.vcxproj" on node 2 (Build target(s)).
     1>ClCompile:
         C:\Program Files (x86)\Microsoft Visual Studio 12.0\VC\bin\CL.exe /c /I"C:\Program Files (x86)\Visual Leak Detector\include" /ZI /nologo /W3 /WX- /Od /Oy- /D WIN32 /D _DEBUG /D _CONSOLE /D _VC80_UPGRADE=0x0600 /D _MBCS /Gm /EHsc /RTC1 /MTd /GS /Gy- /fp:precise /Zc:wchar_t /Zc:forScope /Fo".\Debug\\" /Fd".\Debug\vc120.pdb" /Gd /TP /analyze- /errorReport:prompt Source\image.cpp
         image.cpp
     1>c:\users\larebear\desktop\cse 190\advcompgraphics\source\image.cpp(161): warning C4244: 'argument' : conversion from 'time_t' to 'unsigned int', possible loss of data
     1>c:\users\larebear\desktop\cse 190\advcompgraphics\source\image.cpp(215): warning C4244: '+=' : conversion from 'double' to 'Component', possible loss of data
     1>c:\users\larebear\desktop\cse 190\advcompgraphics\source\image.cpp(216): warning C4244: '+=' : conversion from 'double' to 'Component', possible loss of data
     1>c:\users\larebear\desktop\cse 190\advcompgraphics\source\image.cpp(217): warning C4244: '+=' : conversion from 'double' to 'Component', possible loss of data
     1>c:\users\larebear\desktop\cse 190\advcompgraphics\source\image.cpp(220): warning C4244: '+=' : conversion from 'double' to 'Component', possible loss of data
     1>c:\users\larebear\desktop\cse 190\advcompgraphics\source\image.cpp(221): warning C4244: '+=' : conversion from 'double' to 'Component', possible loss of data
     1>c:\users\larebear\desktop\cse 190\advcompgraphics\source\image.cpp(222): warning C4244: '+=' : conversion from 'double' to 'Component', possible loss of data
     1>c:\users\larebear\desktop\cse 190\advcompgraphics\source\image.cpp(224): warning C4244: '+=' : conversion from 'double' to 'Component', possible loss of data
     1>c:\users\larebear\desktop\cse 190\advcompgraphics\source\image.cpp(225): warning C4244: '+=' : conversion from 'double' to 'Component', possible loss of data
     1>c:\users\larebear\desktop\cse 190\advcompgraphics\source\image.cpp(226): warning C4244: '+=' : conversion from 'double' to 'Component', possible loss of data
     1>c:\users\larebear\desktop\cse 190\advcompgraphics\source\image.cpp(229): warning C4244: '+=' : conversion from 'double' to 'Component', possible loss of data
     1>c:\users\larebear\desktop\cse 190\advcompgraphics\source\image.cpp(230): warning C4244: '+=' : conversion from 'double' to 'Component', possible loss of data
     1>c:\users\larebear\desktop\cse 190\advcompgraphics\source\image.cpp(231): warning C4244: '+=' : conversion from 'double' to 'Component', possible loss of data
       Link:
         C:\Program Files (x86)\Microsoft Visual Studio 12.0\VC\bin\link.exe /ERRORREPORT:PROMPT /OUT:"./Debug/image.exe" /INCREMENTAL /NOLOGO /LIBPATH:"C:\Program Files (x86)\Visual Leak Detector\lib\Win32" odbc32.lib odbccp32.lib kernel32.lib user32.lib gdi32.lib winspool.lib comdlg32.lib advapi32.lib shell32.lib ole32.lib oleaut32.lib uuid.lib odbc32.lib odbccp32.lib /MANIFEST /MANIFESTUAC:"level='asInvoker' uiAccess='false'" /manifest:embed /DEBUG /PDB:".\Debug\image.pdb" /SUBSYSTEM:CONSOLE /TLBID:1 /DYNAMICBASE /NXCOMPAT /IMPLIB:".\Debug\image.lib" /MACHINE:X86 /SAFESEH:NO .\Debug\bmp.obj
         .\Debug\image.obj
         .\Debug\main.obj
         .\Debug\pixel.obj
         .\Debug\vector.obj
         image.vcxproj -> C:\Users\Larebear\Desktop\CSE 190\AdvCompGraphics\.\Debug\image.exe
     1>Done Building Project "C:\Users\Larebear\Desktop\CSE 190\AdvCompGraphics\image.vcxproj" (Build target(s)).

Build succeeded.

Time Elapsed 00:00:00.53
